<?xml version="1.0" encoding="UTF-8"?>
<!-- Generated by org.testng.reporters.JUnitReportReporter -->
<testsuite hostname="DESKTOP-TP7LJUJ" failures="0" tests="4" name="TestNG.Junit" time="1.505" errors="0" timestamp="2024-12-11T12:52:10 IST" skipped="0">
  <testcase classname="TestNG.Junit" name="handleMultipleRadioBtns" time="0.353"/>
  <system-out/>
  <testcase classname="TestNG.Junit" name="handleCheckbox" time="0.570"/>
  <system-out/>
  <testcase classname="TestNG.Junit" name="handleMultipleCheckboxes" time="0.390"/>
  <system-out/>
  <testcase classname="TestNG.Junit" name="handleRadioButton" time="0.192"/>
  <system-out/>
</testsuite> <!-- TestNG.Junit -->
